In file included from ../src/bufferutil.cc:13:
In file included from /usr/include/wchar.h:115:
/usr/include/time.h:124:1: error: unknown type name 'clock_t'; did you mean 'node::clock_t'?
clock_t clock(void) __DARWIN_ALIAS(clock);
^
/usr/include/sys/types.h:223:26: note: 'node::clock_t' declared here
typedef __darwin_clock_t        clock_t;
                                ^
In file included from ../src/bufferutil.cc:13:
In file included from /usr/include/wchar.h:115:
/usr/include/time.h:125:19: error: unknown type name 'time_t'; did you mean 'node::time_t'?
char *ctime(const time_t *);
                  ^
/usr/include/sys/types.h:240:26: note: 'node::time_t' declared here
typedef __darwin_time_t         time_t;
                                ^
In file included from ../src/bufferutil.cc:13:
In file included from /usr/include/wchar.h:115:
/usr/include/time.h:126:17: error: use of undeclared identifier 'time_t'
double difftime(time_t, time_t);
                ^
/usr/include/time.h:128:25: error: unknown type name 'time_t'; did you mean 'node::time_t'?
struct tm *gmtime(const time_t *);
                        ^
/usr/include/sys/types.h:240:26: note: 'node::time_t' declared here
typedef __darwin_time_t         time_t;
                                ^
In file included from ../src/bufferutil.cc:13:
In file included from /usr/include/wchar.h:115:
/usr/include/time.h:129:28: error: unknown type name 'time_t'; did you mean 'node::time_t'?
struct tm *localtime(const time_t *);
                           ^
/usr/include/sys/types.h:240:26: note: 'node::time_t' declared here
typedef __darwin_time_t         time_t;
                                ^
In file included from ../src/bufferutil.cc:13:
In file included from /usr/include/wchar.h:115:
/usr/include/time.h:130:1: error: unknown type name 'time_t'; did you mean 'node::time_t'?
time_t mktime(struct tm *) __DARWIN_ALIAS(mktime);
^
/usr/include/sys/types.h:240:26: note: 'node::time_t' declared here
typedef __darwin_time_t         time_t;
                                ^
In file included from ../src/bufferutil.cc:13:
In file included from /usr/include/wchar.h:115:
/usr/include/time.h:133:1: error: unknown type name 'time_t'; did you mean 'node::time_t'?
time_t time(time_t *);
^
/usr/include/sys/types.h:240:26: note: 'node::time_t' declared here
typedef __darwin_time_t         time_t;
                                ^
In file included from ../src/bufferutil.cc:13:
In file included from /usr/include/wchar.h:115:
/usr/include/time.h:133:13: error: use of undeclared identifier 'time_t'; did you mean 'time'?
time_t time(time_t *);
            ^
/usr/include/time.h:133:8: note: 'time' declared here
time_t time(time_t *);
       ^
/usr/include/time.h:133:21: error: expected expression
time_t time(time_t *);
                    ^
/usr/include/time.h:141:21: error: unknown type name 'time_t'; did you mean 'node::time_t'?
char *ctime_r(const time_t *, char *);
                    ^
/usr/include/sys/types.h:240:26: note: 'node::time_t' declared here
typedef __darwin_time_t         time_t;
                                ^
In file included from ../src/bufferutil.cc:13:
In file included from /usr/include/wchar.h:115:
/usr/include/time.h:142:27: error: unknown type name 'time_t'; did you mean 'node::time_t'?
struct tm *gmtime_r(const time_t * __restrict, struct tm * __restrict);
                          ^
/usr/include/sys/types.h:240:26: note: 'node::time_t' declared here
typedef __darwin_time_t         time_t;
                                ^
In file included from ../src/bufferutil.cc:13:
In file included from /usr/include/wchar.h:115:
/usr/include/time.h:143:30: error: unknown type name 'time_t'; did you mean 'node::time_t'?
struct tm *localtime_r(const time_t * __restrict, struct tm * __restrict);
                             ^
/usr/include/sys/types.h:240:26: note: 'node::time_t' declared here
typedef __darwin_time_t         time_t;
                                ^
In file included from ../src/bufferutil.cc:13:
In file included from /usr/include/wchar.h:115:
/usr/include/time.h:146:1: error: unknown type name 'time_t'; did you mean 'node::time_t'?
time_t posix2time(time_t);
^
/usr/include/sys/types.h:240:26: note: 'node::time_t' declared here
typedef __darwin_time_t         time_t;
                                ^
In file included from ../src/bufferutil.cc:13:
In file included from /usr/include/wchar.h:115:
/usr/include/time.h:146:19: error: use of undeclared identifier 'time_t'
time_t posix2time(time_t);
                  ^
/usr/include/time.h:151:1: error: unknown type name 'time_t'; did you mean 'node::time_t'?
time_t time2posix(time_t);
^
/usr/include/sys/types.h:240:26: note: 'node::time_t' declared here
typedef __darwin_time_t         time_t;
                                ^
In file included from ../src/bufferutil.cc:13:
In file included from /usr/include/wchar.h:115:
/usr/include/time.h:151:19: error: use of undeclared identifier 'time_t'
time_t time2posix(time_t);
                  ^
/usr/include/time.h:152:1: error: unknown type name 'time_t'; did you mean 'node::time_t'?
time_t timelocal(struct tm * const);
^
/usr/include/sys/types.h:240:26: note: 'node::time_t' declared here
typedef __darwin_time_t         time_t;
                                ^
In file included from ../src/bufferutil.cc:13:
In file included from /usr/include/wchar.h:115:
/usr/include/time.h:153:1: error: unknown type name 'time_t'; did you mean 'node::time_t'?
time_t timegm(struct tm * const);
^
/usr/include/sys/types.h:240:26: note: 'node::time_t' declared here
typedef __darwin_time_t         time_t;
                                ^
In file included from ../src/bufferutil.cc:15:
/Users/Charlie/Projects/RandomRuleGame/client/node_modules/socket.io-client/node_modules/ws/node_modules/nan/nan.h:518:3: error: unknown type name 'uv_work_t'
  uv_work_t request;
  ^
fatal error: too many errors emitted, stopping now [-ferror-limit=]
20 errors generated.
make: *** [Release/obj.target/bufferutil/src/bufferutil.o] Error 1
gyp ERR! build error 
gyp ERR! stack Error: `make` failed with exit code: 2
gyp ERR! stack     at ChildProcess.onExit (/Users/Charlie/.nvm/v0.11.11/lib/node_modules/npm/node_modules/node-gyp/lib/build.js:267:23)
gyp ERR! stack     at ChildProcess.EventEmitter.emit (events.js:107:17)
gyp ERR! stack     at Process.ChildProcess._handle.onexit (child_process.js:879:12)
gyp ERR! System Darwin 12.2.0
gyp ERR! command "node" "/Users/Charlie/.nvm/v0.11.11/lib/node_modules/npm/node_modules/node-gyp/bin/node-gyp.js" "rebuild"
gyp ERR! cwd /Users/Charlie/Projects/RandomRuleGame/client/node_modules/socket.io-client/node_modules/ws
gyp ERR! node -v v0.11.11
gyp ERR! node-gyp -v v0.12.2
gyp ERR! not ok 
